<?xml version="1.0" encoding="UTF-8"?>
<coverage generated="1745350269721" clover="3.2.0">
  <project timestamp="1745350269721" name="All files">
    <metrics statements="93" coveredstatements="48" conditionals="29" coveredconditionals="3" methods="42" coveredmethods="15" elements="164" coveredelements="66" complexity="0" loc="93" ncloc="93" packages="2" files="3" classes="3"/>
    <package name="core">
      <metrics statements="24" coveredstatements="22" conditionals="4" coveredconditionals="0" methods="7" coveredmethods="3"/>
      <file name="constants.ts" path="/Users/krempovych/Workspaces/OhMyCV Obsidian/obsidian-oh-my-cv/src/core/constants.ts">
        <metrics statements="11" coveredstatements="11" conditionals="0" coveredconditionals="0" methods="1" coveredmethods="1"/>
        <line num="7" count="1" type="stmt"/>
        <line num="10" count="1" type="stmt"/>
        <line num="13" count="1" type="stmt"/>
        <line num="18" count="1" type="stmt"/>
        <line num="21" count="1" type="stmt"/>
        <line num="24" count="1" type="stmt"/>
        <line num="78" count="1" type="stmt"/>
        <line num="148" count="1" type="stmt"/>
        <line num="361" count="1" type="stmt"/>
        <line num="366" count="1" type="stmt"/>
        <line num="392" count="1" type="stmt"/>
      </file>
      <file name="templates.ts" path="/Users/krempovych/Workspaces/OhMyCV Obsidian/obsidian-oh-my-cv/src/core/templates.ts">
        <metrics statements="13" coveredstatements="11" conditionals="4" coveredconditionals="0" methods="6" coveredmethods="2"/>
        <line num="11" count="1" type="stmt"/>
        <line num="74" count="1" type="stmt"/>
        <line num="104" count="1" type="stmt"/>
        <line num="171" count="1" type="stmt"/>
        <line num="232" count="1" type="stmt"/>
        <line num="331" count="1" type="stmt"/>
        <line num="422" count="1" type="stmt"/>
        <line num="434" count="1" type="stmt"/>
        <line num="435" count="4" type="stmt"/>
        <line num="443" count="1" type="stmt"/>
        <line num="444" count="0" type="stmt"/>
        <line num="452" count="1" type="stmt"/>
        <line num="453" count="0" type="cond" truecount="0" falsecount="4"/>
      </file>
    </package>
    <package name="services">
      <metrics statements="69" coveredstatements="26" conditionals="25" coveredconditionals="3" methods="35" coveredmethods="12"/>
      <file name="settings-service.ts" path="/Users/krempovych/Workspaces/OhMyCV Obsidian/obsidian-oh-my-cv/src/services/settings-service.ts">
        <metrics statements="69" coveredstatements="26" conditionals="25" coveredconditionals="3" methods="35" coveredmethods="12"/>
        <line num="7" count="1" type="stmt"/>
        <line num="8" count="1" type="stmt"/>
        <line num="14" count="1" type="stmt"/>
        <line num="23" count="6" type="stmt"/>
        <line num="24" count="6" type="stmt"/>
        <line num="31" count="2" type="stmt"/>
        <line num="38" count="8" type="stmt"/>
        <line num="45" count="5" type="stmt"/>
        <line num="53" count="5" type="stmt"/>
        <line num="54" count="5" type="stmt"/>
        <line num="61" count="0" type="stmt"/>
        <line num="69" count="0" type="stmt"/>
        <line num="70" count="0" type="stmt"/>
        <line num="82" count="0" type="stmt"/>
        <line num="95" count="0" type="stmt"/>
        <line num="96" count="0" type="stmt"/>
        <line num="103" count="0" type="stmt"/>
        <line num="111" count="0" type="stmt"/>
        <line num="112" count="0" type="stmt"/>
        <line num="119" count="0" type="stmt"/>
        <line num="127" count="0" type="stmt"/>
        <line num="128" count="0" type="stmt"/>
        <line num="136" count="3" type="cond" truecount="1" falsecount="1"/>
        <line num="144" count="0" type="cond" truecount="0" falsecount="2"/>
        <line num="154" count="1" type="stmt"/>
        <line num="155" count="1" type="cond" truecount="0" falsecount="1"/>
        <line num="156" count="0" type="stmt"/>
        <line num="160" count="4" type="stmt"/>
        <line num="168" count="1" type="cond" truecount="0" falsecount="1"/>
        <line num="169" count="0" type="stmt"/>
        <line num="173" count="3" type="stmt"/>
        <line num="175" count="1" type="cond" truecount="1" falsecount="1"/>
        <line num="177" count="0" type="stmt"/>
        <line num="180" count="1" type="stmt"/>
        <line num="183" count="1" type="stmt"/>
        <line num="193" count="1" type="cond" truecount="0" falsecount="1"/>
        <line num="194" count="0" type="stmt"/>
        <line num="197" count="1" type="stmt"/>
        <line num="198" count="4" type="stmt"/>
        <line num="200" count="1" type="stmt"/>
        <line num="201" count="1" type="cond" truecount="1" falsecount="0"/>
        <line num="202" count="1" type="stmt"/>
        <line num="205" count="1" type="stmt"/>
        <line num="217" count="0" type="stmt"/>
        <line num="220" count="0" type="cond" truecount="0" falsecount="2"/>
        <line num="230" count="0" type="stmt"/>
        <line num="240" count="0" type="stmt"/>
        <line num="241" count="0" type="stmt"/>
        <line num="250" count="0" type="stmt"/>
        <line num="251" count="0" type="cond" truecount="0" falsecount="1"/>
        <line num="252" count="0" type="stmt"/>
        <line num="256" count="0" type="stmt"/>
        <line num="268" count="0" type="stmt"/>
        <line num="271" count="0" type="stmt"/>
        <line num="274" count="0" type="cond" truecount="0" falsecount="1"/>
        <line num="275" count="0" type="stmt"/>
        <line num="278" count="0" type="stmt"/>
        <line num="285" count="0" type="stmt"/>
        <line num="292" count="0" type="stmt"/>
        <line num="299" count="0" type="stmt"/>
        <line num="306" count="0" type="stmt"/>
        <line num="313" count="0" type="stmt"/>
        <line num="320" count="0" type="stmt"/>
        <line num="327" count="0" type="stmt"/>
        <line num="335" count="0" type="cond" truecount="0" falsecount="10"/>
        <line num="344" count="0" type="cond" truecount="0" falsecount="1"/>
        <line num="345" count="0" type="stmt"/>
        <line num="347" count="0" type="stmt"/>
        <line num="348" count="0" type="stmt"/>
      </file>
    </package>
  </project>
</coverage>
