TN:
SF:src/core/constants.ts
FN:147,getDefaultTemplates
FNF:1
FNH:1
FNDA:1,getDefaultTemplates
DA:7,1
DA:10,1
DA:13,1
DA:18,1
DA:21,1
DA:24,1
DA:78,1
DA:148,1
DA:361,1
DA:366,1
DA:392,1
LF:11
LH:11
BRF:0
BRH:0
end_of_record
TN:
SF:src/core/templates.ts
FN:434,getTemplateById
FN:435,(anonymous_1)
FN:443,getTemplatesByCategory
FN:444,(anonymous_3)
FN:452,getTemplatesByTag
FN:453,(anonymous_5)
FNF:6
FNH:2
FNDA:1,getTemplateById
FNDA:4,(anonymous_1)
FNDA:0,getTemplatesByCategory
FNDA:0,(anonymous_3)
FNDA:0,getTemplatesByTag
FNDA:0,(anonymous_5)
DA:11,1
DA:74,1
DA:104,1
DA:171,1
DA:232,1
DA:331,1
DA:422,1
DA:434,1
DA:435,4
DA:443,1
DA:444,0
DA:452,1
DA:453,0
LF:13
LH:11
BRDA:453,0,0,0
BRDA:453,0,1,0
BRDA:453,1,0,0
BRDA:453,1,1,0
BRF:4
BRH:0
end_of_record
TN:
SF:src/services/settings-service.ts
FN:22,(anonymous_0)
FN:30,(anonymous_1)
FN:37,(anonymous_2)
FN:44,(anonymous_3)
FN:52,(anonymous_4)
FN:60,(anonymous_5)
FN:68,(anonymous_6)
FN:76,(anonymous_7)
FN:89,(anonymous_8)
FN:102,(anonymous_9)
FN:110,(anonymous_10)
FN:118,(anonymous_11)
FN:126,(anonymous_12)
FN:135,(anonymous_13)
FN:143,(anonymous_14)
FN:152,(anonymous_15)
FN:160,(anonymous_16)
FN:167,(anonymous_17)
FN:173,(anonymous_18)
FN:191,(anonymous_19)
FN:198,(anonymous_20)
FN:216,(anonymous_21)
FN:249,(anonymous_22)
FN:250,(anonymous_23)
FN:266,(anonymous_24)
FN:268,(anonymous_25)
FN:284,(anonymous_26)
FN:291,(anonymous_27)
FN:298,(anonymous_28)
FN:305,(anonymous_29)
FN:312,(anonymous_30)
FN:319,(anonymous_31)
FN:326,(anonymous_32)
FN:334,(anonymous_33)
FN:342,(anonymous_34)
FNF:35
FNH:12
FNDA:6,(anonymous_0)
FNDA:2,(anonymous_1)
FNDA:8,(anonymous_2)
FNDA:5,(anonymous_3)
FNDA:5,(anonymous_4)
FNDA:0,(anonymous_5)
FNDA:0,(anonymous_6)
FNDA:0,(anonymous_7)
FNDA:0,(anonymous_8)
FNDA:0,(anonymous_9)
FNDA:0,(anonymous_10)
FNDA:0,(anonymous_11)
FNDA:0,(anonymous_12)
FNDA:3,(anonymous_13)
FNDA:0,(anonymous_14)
FNDA:1,(anonymous_15)
FNDA:4,(anonymous_16)
FNDA:1,(anonymous_17)
FNDA:3,(anonymous_18)
FNDA:1,(anonymous_19)
FNDA:4,(anonymous_20)
FNDA:0,(anonymous_21)
FNDA:0,(anonymous_22)
FNDA:0,(anonymous_23)
FNDA:0,(anonymous_24)
FNDA:0,(anonymous_25)
FNDA:0,(anonymous_26)
FNDA:0,(anonymous_27)
FNDA:0,(anonymous_28)
FNDA:0,(anonymous_29)
FNDA:0,(anonymous_30)
FNDA:0,(anonymous_31)
FNDA:0,(anonymous_32)
FNDA:0,(anonymous_33)
FNDA:0,(anonymous_34)
DA:7,1
DA:8,1
DA:14,1
DA:23,6
DA:24,6
DA:31,2
DA:38,8
DA:45,5
DA:53,5
DA:54,5
DA:61,0
DA:69,0
DA:70,0
DA:82,0
DA:95,0
DA:96,0
DA:103,0
DA:111,0
DA:112,0
DA:119,0
DA:127,0
DA:128,0
DA:136,3
DA:144,0
DA:154,1
DA:155,1
DA:156,0
DA:160,4
DA:168,1
DA:169,0
DA:173,3
DA:175,1
DA:177,0
DA:180,1
DA:183,1
DA:193,1
DA:194,0
DA:197,1
DA:198,4
DA:200,1
DA:201,1
DA:202,1
DA:205,1
DA:217,0
DA:220,0
DA:230,0
DA:240,0
DA:241,0
DA:250,0
DA:251,0
DA:252,0
DA:256,0
DA:268,0
DA:271,0
DA:274,0
DA:275,0
DA:278,0
DA:285,0
DA:292,0
DA:299,0
DA:306,0
DA:313,0
DA:320,0
DA:327,0
DA:335,0
DA:344,0
DA:345,0
DA:347,0
DA:348,0
LF:69
LH:26
BRDA:136,0,0,3
BRDA:136,0,1,0
BRDA:144,1,0,0
BRDA:144,1,1,0
BRDA:155,2,0,0
BRDA:168,3,0,0
BRDA:175,4,0,0
BRDA:175,4,1,1
BRDA:193,5,0,0
BRDA:201,6,0,1
BRDA:220,7,0,0
BRDA:220,7,1,0
BRDA:251,8,0,0
BRDA:274,9,0,0
BRDA:335,10,0,0
BRDA:335,10,1,0
BRDA:335,11,0,0
BRDA:335,11,1,0
BRDA:335,12,0,0
BRDA:335,12,1,0
BRDA:335,13,0,0
BRDA:335,13,1,0
BRDA:335,14,0,0
BRDA:335,14,1,0
BRDA:344,15,0,0
BRF:25
BRH:3
end_of_record
